<?xml version="1.0" encoding="UTF-8"?>
<testng-results skipped="0" failed="0" ignored="0" total="1" passed="1">
  <reporter-output>
  </reporter-output>
  <suite name="Suite" duration-ms="26227" started-at="2020-08-11T10:07:45Z" finished-at="2020-08-11T10:08:11Z">
    <groups>
      <group name="regression">
        <method signature="TC_002.amazon()[pri:0, instance:com.project.MavenProject3PMBatch1.TC_002@49070868]" name="amazon" class="com.project.MavenProject3PMBatch1.TC_002"/>
      </group> <!-- regression -->
      <group name="sanity">
        <method signature="TC_002.amazon()[pri:0, instance:com.project.MavenProject3PMBatch1.TC_002@49070868]" name="amazon" class="com.project.MavenProject3PMBatch1.TC_002"/>
      </group> <!-- sanity -->
    </groups>
    <test name="Test" duration-ms="26227" started-at="2020-08-11T10:07:45Z" finished-at="2020-08-11T10:08:11Z">
      <class name="com.project.MavenProject3PMBatch1.TC_002">
        <test-method status="PASS" signature="beforeMethod(java.lang.String)[pri:0, instance:com.project.MavenProject3PMBatch1.TC_002@49070868]" name="beforeMethod" is-config="true" duration-ms="15601" started-at="2020-08-11T10:07:45Z" finished-at="2020-08-11T10:08:01Z">
          <params>
            <param index="0">
              <value>
                <![CDATA[chrome]]>
              </value>
            </param>
          </params>
          <reporter-output>
          </reporter-output>
        </test-method> <!-- beforeMethod -->
        <test-method status="PASS" signature="amazon()[pri:0, instance:com.project.MavenProject3PMBatch1.TC_002@49070868]" name="amazon" duration-ms="9402" started-at="2020-08-11T10:08:01Z" finished-at="2020-08-11T10:08:10Z">
          <reporter-output>
          </reporter-output>
        </test-method> <!-- amazon -->
        <test-method status="PASS" signature="afterMethod()[pri:0, instance:com.project.MavenProject3PMBatch1.TC_002@49070868]" name="afterMethod" is-config="true" duration-ms="1092" started-at="2020-08-11T10:08:10Z" finished-at="2020-08-11T10:08:11Z">
          <reporter-output>
          </reporter-output>
        </test-method> <!-- afterMethod -->
      </class> <!-- com.project.MavenProject3PMBatch1.TC_002 -->
    </test> <!-- Test -->
  </suite> <!-- Suite -->
</testng-results>
