<?xml version="1.0" encoding="UTF-8"?>
<testng-results skipped="0" failed="0" ignored="0" total="1" passed="1">
  <reporter-output>
  </reporter-output>
  <suite name="Suite" duration-ms="40386" started-at="2020-08-11T15:18:37 IST" finished-at="2020-08-11T15:19:17 IST">
    <groups>
      <group name="regression">
        <method signature="TC_002.amazon()[pri:0, instance:com.project.MavenProject3PMBatch1.TC_002@394e1a0f]" name="amazon" class="com.project.MavenProject3PMBatch1.TC_002"/>
      </group> <!-- regression -->
      <group name="sanity">
        <method signature="TC_002.amazon()[pri:0, instance:com.project.MavenProject3PMBatch1.TC_002@394e1a0f]" name="amazon" class="com.project.MavenProject3PMBatch1.TC_002"/>
      </group> <!-- sanity -->
    </groups>
    <test name="Test" duration-ms="40386" started-at="2020-08-11T15:18:37 IST" finished-at="2020-08-11T15:19:17 IST">
      <class name="com.project.MavenProject3PMBatch1.TC_002">
        <test-method status="PASS" signature="beforeMethod(java.lang.String)[pri:0, instance:com.project.MavenProject3PMBatch1.TC_002@394e1a0f]" name="beforeMethod" is-config="true" duration-ms="23543" started-at="2020-08-11T15:18:37 IST" finished-at="2020-08-11T15:19:00 IST">
          <params>
            <param index="0">
              <value>
                <![CDATA[chrome]]>
              </value>
            </param>
          </params>
          <reporter-output>
          </reporter-output>
        </test-method> <!-- beforeMethod -->
        <test-method status="PASS" signature="amazon()[pri:0, instance:com.project.MavenProject3PMBatch1.TC_002@394e1a0f]" name="amazon" duration-ms="14436" started-at="2020-08-11T15:19:00 IST" finished-at="2020-08-11T15:19:15 IST">
          <reporter-output>
          </reporter-output>
        </test-method> <!-- amazon -->
        <test-method status="PASS" signature="afterMethod()[pri:0, instance:com.project.MavenProject3PMBatch1.TC_002@394e1a0f]" name="afterMethod" is-config="true" duration-ms="1888" started-at="2020-08-11T15:19:15 IST" finished-at="2020-08-11T15:19:17 IST">
          <reporter-output>
          </reporter-output>
        </test-method> <!-- afterMethod -->
      </class> <!-- com.project.MavenProject3PMBatch1.TC_002 -->
    </test> <!-- Test -->
  </suite> <!-- Suite -->
</testng-results>
